Analysis & Synthesis report for mproject
Mon Mar 31 18:05:10 2025
Quartus II 64-Bit Version 13.0.1 Build 232 06/12/2013 Service Pack 1 SJ Full Version


---------------------
; Table of Contents ;
---------------------
  1. Legal Notice
  2. Analysis & Synthesis Summary
  3. Analysis & Synthesis Settings
  4. Parallel Compilation
  5. Analysis & Synthesis Source Files Read
  6. Analysis & Synthesis Resource Usage Summary
  7. Analysis & Synthesis Resource Utilization by Entity
  8. Analysis & Synthesis IP Cores Summary
  9. State Machine - |mproject|statemachine:inst|sm
 10. General Register Statistics
 11. Parameter Settings for User Entity Instance: binbcddes:inst7|lpm_divide0:inst|lpm_divide:LPM_DIVIDE_component
 12. Parameter Settings for User Entity Instance: binbcddes:inst7|lpm_constant0:inst4|lpm_constant:LPM_CONSTANT_component
 13. Parameter Settings for User Entity Instance: binbcddes:inst7|lpm_divide0:inst3|lpm_divide:LPM_DIVIDE_component
 14. Parameter Settings for User Entity Instance: binbcddes:inst7|lpm_constant1:inst7|lpm_constant:LPM_CONSTANT_component
 15. Parameter Settings for User Entity Instance: binbcddes:inst7|lpm_divide0:inst2|lpm_divide:LPM_DIVIDE_component
 16. Parameter Settings for User Entity Instance: binbcddes:inst8|lpm_divide0:inst|lpm_divide:LPM_DIVIDE_component
 17. Parameter Settings for User Entity Instance: binbcddes:inst8|lpm_constant0:inst4|lpm_constant:LPM_CONSTANT_component
 18. Parameter Settings for User Entity Instance: binbcddes:inst8|lpm_divide0:inst3|lpm_divide:LPM_DIVIDE_component
 19. Parameter Settings for User Entity Instance: binbcddes:inst8|lpm_constant1:inst7|lpm_constant:LPM_CONSTANT_component
 20. Parameter Settings for User Entity Instance: binbcddes:inst8|lpm_divide0:inst2|lpm_divide:LPM_DIVIDE_component
 21. Parameter Settings for User Entity Instance: binbcddes:inst6|lpm_divide0:inst|lpm_divide:LPM_DIVIDE_component
 22. Parameter Settings for User Entity Instance: binbcddes:inst6|lpm_constant0:inst4|lpm_constant:LPM_CONSTANT_component
 23. Parameter Settings for User Entity Instance: binbcddes:inst6|lpm_divide0:inst3|lpm_divide:LPM_DIVIDE_component
 24. Parameter Settings for User Entity Instance: binbcddes:inst6|lpm_constant1:inst7|lpm_constant:LPM_CONSTANT_component
 25. Parameter Settings for User Entity Instance: binbcddes:inst6|lpm_divide0:inst2|lpm_divide:LPM_DIVIDE_component
 26. Elapsed Time Per Partition
 27. Analysis & Synthesis Messages



----------------
; Legal Notice ;
----------------
Copyright (C) 1991-2013 Altera Corporation
Your use of Altera Corporation's design tools, logic functions 
and other software and tools, and its AMPP partner logic 
functions, and any output files from any of the foregoing 
(including device programming or simulation files), and any 
associated documentation or information are expressly subject 
to the terms and conditions of the Altera Program License 
Subscription Agreement, Altera MegaCore Function License 
Agreement, or other applicable license agreement, including, 
without limitation, that your use is for the sole purpose of 
programming logic devices manufactured by Altera and sold by 
Altera or its authorized distributors.  Please refer to the 
applicable agreement for further details.



+----------------------------------------------------------------------------------------+
; Analysis & Synthesis Summary                                                           ;
+-------------------------------------+--------------------------------------------------+
; Analysis & Synthesis Status         ; Successful - Mon Mar 31 18:05:10 2025            ;
; Quartus II 64-Bit Version           ; 13.0.1 Build 232 06/12/2013 SP 1 SJ Full Version ;
; Revision Name                       ; mproject                                         ;
; Top-level Entity Name               ; mproject                                         ;
; Family                              ; Cyclone V                                        ;
; Logic utilization (in ALMs)         ; N/A                                              ;
; Total registers                     ; 58                                               ;
; Total pins                          ; 35                                               ;
; Total virtual pins                  ; 0                                                ;
; Total block memory bits             ; 0                                                ;
; Total DSP Blocks                    ; 0                                                ;
; Total HSSI RX PCSs                  ; 0                                                ;
; Total HSSI PMA RX Deserializers     ; 0                                                ;
; Total HSSI PMA RX ATT Deserializers ; 0                                                ;
; Total HSSI TX PCSs                  ; 0                                                ;
; Total HSSI PMA TX Serializers       ; 0                                                ;
; Total HSSI PMA TX ATT Serializers   ; 0                                                ;
; Total PLLs                          ; 0                                                ;
; Total DLLs                          ; 0                                                ;
+-------------------------------------+--------------------------------------------------+


+---------------------------------------------------------------------------------------------------------------------------+
; Analysis & Synthesis Settings                                                                                             ;
+---------------------------------------------------------------------------------+--------------------+--------------------+
; Option                                                                          ; Setting            ; Default Value      ;
+---------------------------------------------------------------------------------+--------------------+--------------------+
; Device                                                                          ; 5CEBA4F23C7        ;                    ;
; Top-level entity name                                                           ; mproject           ; mproject           ;
; Family name                                                                     ; Cyclone V          ; Cyclone IV GX      ;
; Use smart compilation                                                           ; Off                ; Off                ;
; Enable parallel Assembler and TimeQuest Timing Analyzer during compilation      ; On                 ; On                 ;
; Enable compact report table                                                     ; Off                ; Off                ;
; Restructure Multiplexers                                                        ; Auto               ; Auto               ;
; MLAB Add Timing Constraints For Mixed-Port Feed-Through Mode Setting Don't Care ; Off                ; Off                ;
; Create Debugging Nodes for IP Cores                                             ; Off                ; Off                ;
; Preserve fewer node names                                                       ; On                 ; On                 ;
; Disable OpenCore Plus hardware evaluation                                       ; Off                ; Off                ;
; Verilog Version                                                                 ; Verilog_2001       ; Verilog_2001       ;
; VHDL Version                                                                    ; VHDL_1993          ; VHDL_1993          ;
; State Machine Processing                                                        ; Auto               ; Auto               ;
; Safe State Machine                                                              ; Off                ; Off                ;
; Extract Verilog State Machines                                                  ; On                 ; On                 ;
; Extract VHDL State Machines                                                     ; On                 ; On                 ;
; Ignore Verilog initial constructs                                               ; Off                ; Off                ;
; Iteration limit for constant Verilog loops                                      ; 5000               ; 5000               ;
; Iteration limit for non-constant Verilog loops                                  ; 250                ; 250                ;
; Add Pass-Through Logic to Inferred RAMs                                         ; On                 ; On                 ;
; Infer RAMs from Raw Logic                                                       ; On                 ; On                 ;
; Parallel Synthesis                                                              ; On                 ; On                 ;
; DSP Block Balancing                                                             ; Auto               ; Auto               ;
; NOT Gate Push-Back                                                              ; On                 ; On                 ;
; Power-Up Don't Care                                                             ; On                 ; On                 ;
; Remove Redundant Logic Cells                                                    ; Off                ; Off                ;
; Remove Duplicate Registers                                                      ; On                 ; On                 ;
; Ignore CARRY Buffers                                                            ; Off                ; Off                ;
; Ignore CASCADE Buffers                                                          ; Off                ; Off                ;
; Ignore GLOBAL Buffers                                                           ; Off                ; Off                ;
; Ignore ROW GLOBAL Buffers                                                       ; Off                ; Off                ;
; Ignore LCELL Buffers                                                            ; Off                ; Off                ;
; Ignore SOFT Buffers                                                             ; On                 ; On                 ;
; Limit AHDL Integers to 32 Bits                                                  ; Off                ; Off                ;
; Optimization Technique                                                          ; Balanced           ; Balanced           ;
; Carry Chain Length                                                              ; 70                 ; 70                 ;
; Auto Carry Chains                                                               ; On                 ; On                 ;
; Auto Open-Drain Pins                                                            ; On                 ; On                 ;
; Perform WYSIWYG Primitive Resynthesis                                           ; Off                ; Off                ;
; Auto ROM Replacement                                                            ; On                 ; On                 ;
; Auto RAM Replacement                                                            ; On                 ; On                 ;
; Auto DSP Block Replacement                                                      ; On                 ; On                 ;
; Auto Shift Register Replacement                                                 ; Auto               ; Auto               ;
; Allow Shift Register Merging across Hierarchies                                 ; Auto               ; Auto               ;
; Auto Clock Enable Replacement                                                   ; On                 ; On                 ;
; Strict RAM Replacement                                                          ; Off                ; Off                ;
; Allow Synchronous Control Signals                                               ; On                 ; On                 ;
; Force Use of Synchronous Clear Signals                                          ; Off                ; Off                ;
; Auto Resource Sharing                                                           ; Off                ; Off                ;
; Allow Any RAM Size For Recognition                                              ; Off                ; Off                ;
; Allow Any ROM Size For Recognition                                              ; Off                ; Off                ;
; Allow Any Shift Register Size For Recognition                                   ; Off                ; Off                ;
; Use LogicLock Constraints during Resource Balancing                             ; On                 ; On                 ;
; Ignore translate_off and synthesis_off directives                               ; Off                ; Off                ;
; Timing-Driven Synthesis                                                         ; On                 ; On                 ;
; Report Parameter Settings                                                       ; On                 ; On                 ;
; Report Source Assignments                                                       ; On                 ; On                 ;
; Report Connectivity Checks                                                      ; On                 ; On                 ;
; Ignore Maximum Fan-Out Assignments                                              ; Off                ; Off                ;
; Synchronization Register Chain Length                                           ; 3                  ; 3                  ;
; PowerPlay Power Optimization                                                    ; Normal compilation ; Normal compilation ;
; HDL message level                                                               ; Level2             ; Level2             ;
; Suppress Register Optimization Related Messages                                 ; Off                ; Off                ;
; Number of Removed Registers Reported in Synthesis Report                        ; 5000               ; 5000               ;
; Number of Swept Nodes Reported in Synthesis Report                              ; 5000               ; 5000               ;
; Number of Inverted Registers Reported in Synthesis Report                       ; 100                ; 100                ;
; Clock MUX Protection                                                            ; On                 ; On                 ;
; Auto Gated Clock Conversion                                                     ; Off                ; Off                ;
; Block Design Naming                                                             ; Auto               ; Auto               ;
; SDC constraint protection                                                       ; Off                ; Off                ;
; Synthesis Effort                                                                ; Auto               ; Auto               ;
; Shift Register Replacement - Allow Asynchronous Clear Signal                    ; On                 ; On                 ;
; Pre-Mapping Resynthesis Optimization                                            ; Off                ; Off                ;
; Analysis & Synthesis Message Level                                              ; Medium             ; Medium             ;
; Disable Register Merging Across Hierarchies                                     ; Auto               ; Auto               ;
; Resource Aware Inference For Block RAM                                          ; On                 ; On                 ;
; Synthesis Seed                                                                  ; 1                  ; 1                  ;
; Automatic Parallel Synthesis                                                    ; Off                ; Off                ;
+---------------------------------------------------------------------------------+--------------------+--------------------+


+------------------------------------------+
; Parallel Compilation                     ;
+----------------------------+-------------+
; Processors                 ; Number      ;
+----------------------------+-------------+
; Number detected on machine ; 20          ;
; Maximum allowed            ; 12          ;
;                            ;             ;
; Average used               ; 1.00        ;
; Maximum used               ; 1           ;
;                            ;             ;
; Usage by Processor         ; % Time Used ;
;     Processor 1            ; 100.0%      ;
;     Processors 2-20        ;   0.0%      ;
+----------------------------+-------------+


+-----------------------------------------------------------------------------------------------------------------------------------------------------------------------------+
; Analysis & Synthesis Source Files Read                                                                                                                                      ;
+------------------------------------+-----------------+------------------------------------+-----------------------------------------------------------------------+---------+
; File Name with User-Entered Path   ; Used in Netlist ; File Type                          ; File Name with Absolute Path                                          ; Library ;
+------------------------------------+-----------------+------------------------------------+-----------------------------------------------------------------------+---------+
; BinaryToBCD/binbcddes.bdf          ; yes             ; User Block Diagram/Schematic File  ; U:/ECET 229/MiniProject/BinaryToBCD/binbcddes.bdf                     ;         ;
; BinaryToBCD/lpm_divide0.tdf        ; yes             ; User Wizard-Generated File         ; U:/ECET 229/MiniProject/BinaryToBCD/lpm_divide0.tdf                   ;         ;
; BinaryToBCD/lpm_constant1.tdf      ; yes             ; User Wizard-Generated File         ; U:/ECET 229/MiniProject/BinaryToBCD/lpm_constant1.tdf                 ;         ;
; BinaryToBCD/lpm_constant0.tdf      ; yes             ; User Wizard-Generated File         ; U:/ECET 229/MiniProject/BinaryToBCD/lpm_constant0.tdf                 ;         ;
; ../Part 2/phone.tdf                ; yes             ; User AHDL File                     ; U:/ECET 229/MiniProject/Part 2/phone.tdf                              ;         ;
; ../updowncounter/updowncounter.tdf ; yes             ; User AHDL File                     ; U:/ECET 229/MiniProject/updowncounter/updowncounter.tdf               ;         ;
; ../StateMachine/StateMachine.tdf   ; yes             ; User AHDL File                     ; U:/ECET 229/MiniProject/StateMachine/StateMachine.tdf                 ;         ;
; ../Mod60/Mod60.tdf                 ; yes             ; User AHDL File                     ; U:/ECET 229/MiniProject/Mod60/Mod60.tdf                               ;         ;
; ../FreqDiv/FreqDivn.tdf            ; yes             ; User AHDL File                     ; U:/ECET 229/MiniProject/FreqDiv/FreqDivn.tdf                          ;         ;
; mproject.bdf                       ; yes             ; User Block Diagram/Schematic File  ; U:/ECET 229/MiniProject/mproject.bdf                                  ;         ;
; lpm_divide.inc                     ; yes             ; Auto-Found AHDL File               ; c:/altera/13.0sp1/quartus/libraries/megafunctions/lpm_divide.inc      ;         ;
; lpm_constant.inc                   ; yes             ; Auto-Found AHDL File               ; c:/altera/13.0sp1/quartus/libraries/megafunctions/lpm_constant.inc    ;         ;
; lpm_divide.tdf                     ; yes             ; Megafunction                       ; c:/altera/13.0sp1/quartus/libraries/megafunctions/lpm_divide.tdf      ;         ;
; abs_divider.inc                    ; yes             ; Megafunction                       ; c:/altera/13.0sp1/quartus/libraries/megafunctions/abs_divider.inc     ;         ;
; sign_div_unsign.inc                ; yes             ; Megafunction                       ; c:/altera/13.0sp1/quartus/libraries/megafunctions/sign_div_unsign.inc ;         ;
; aglobal130.inc                     ; yes             ; Megafunction                       ; c:/altera/13.0sp1/quartus/libraries/megafunctions/aglobal130.inc      ;         ;
; db/lpm_divide_oop.tdf              ; yes             ; Auto-Generated Megafunction        ; U:/ECET 229/MiniProject/db/lpm_divide_oop.tdf                         ;         ;
; db/sign_div_unsign_fkh.tdf         ; yes             ; Auto-Generated Megafunction        ; U:/ECET 229/MiniProject/db/sign_div_unsign_fkh.tdf                    ;         ;
; db/alt_u_div_4te.tdf               ; yes             ; Auto-Generated Megafunction        ; U:/ECET 229/MiniProject/db/alt_u_div_4te.tdf                          ;         ;
; lpm_constant.tdf                   ; yes             ; Megafunction                       ; c:/altera/13.0sp1/quartus/libraries/megafunctions/lpm_constant.tdf    ;         ;
+------------------------------------+-----------------+------------------------------------+-----------------------------------------------------------------------+---------+


+-----------------------------------------------------------------+
; Analysis & Synthesis Resource Usage Summary                     ;
+---------------------------------------------+-------------------+
; Resource                                    ; Usage             ;
+---------------------------------------------+-------------------+
; Estimate of Logic utilization (ALMs needed) ; 211               ;
;                                             ;                   ;
; Combinational ALUT usage for logic          ; 391               ;
;     -- 7 input functions                    ; 3                 ;
;     -- 6 input functions                    ; 27                ;
;     -- 5 input functions                    ; 53                ;
;     -- 4 input functions                    ; 81                ;
;     -- <=3 input functions                  ; 227               ;
;                                             ;                   ;
; Dedicated logic registers                   ; 58                ;
;                                             ;                   ;
; I/O pins                                    ; 35                ;
; Total DSP Blocks                            ; 0                 ;
; Maximum fan-out node                        ; SystemClock~input ;
; Maximum fan-out                             ; 58                ;
; Total fan-out                               ; 1556              ;
; Average fan-out                             ; 3.00              ;
+---------------------------------------------+-------------------+


+---------------------------------------------------------------------------------------------------------------------------------------------------------------------------------------------------------------------------------------------------------------------------------------------------------------------+
; Analysis & Synthesis Resource Utilization by Entity                                                                                                                                                                                                                                                                 ;
+----------------------------------------------+-------------------+--------------+-------------------+------------+------+--------------+-------------------------------------------------------------------------------------------------------------------------------------------------------------+--------------+
; Compilation Hierarchy Node                   ; LC Combinationals ; LC Registers ; Block Memory Bits ; DSP Blocks ; Pins ; Virtual Pins ; Full Hierarchy Name                                                                                                                                         ; Library Name ;
+----------------------------------------------+-------------------+--------------+-------------------+------------+------+--------------+-------------------------------------------------------------------------------------------------------------------------------------------------------------+--------------+
; |mproject                                    ; 391 (1)           ; 58 (0)       ; 0                 ; 0          ; 35   ; 0            ; |mproject                                                                                                                                                   ; work         ;
;    |binbcddes:inst6|                         ; 93 (0)            ; 0 (0)        ; 0                 ; 0          ; 0    ; 0            ; |mproject|binbcddes:inst6                                                                                                                                   ; work         ;
;       |lpm_divide0:inst2|                    ; 36 (0)            ; 0 (0)        ; 0                 ; 0          ; 0    ; 0            ; |mproject|binbcddes:inst6|lpm_divide0:inst2                                                                                                                 ; work         ;
;          |lpm_divide:LPM_DIVIDE_component|   ; 36 (0)            ; 0 (0)        ; 0                 ; 0          ; 0    ; 0            ; |mproject|binbcddes:inst6|lpm_divide0:inst2|lpm_divide:LPM_DIVIDE_component                                                                                 ; work         ;
;             |lpm_divide_oop:auto_generated|  ; 36 (0)            ; 0 (0)        ; 0                 ; 0          ; 0    ; 0            ; |mproject|binbcddes:inst6|lpm_divide0:inst2|lpm_divide:LPM_DIVIDE_component|lpm_divide_oop:auto_generated                                                   ; work         ;
;                |sign_div_unsign_fkh:divider| ; 36 (0)            ; 0 (0)        ; 0                 ; 0          ; 0    ; 0            ; |mproject|binbcddes:inst6|lpm_divide0:inst2|lpm_divide:LPM_DIVIDE_component|lpm_divide_oop:auto_generated|sign_div_unsign_fkh:divider                       ; work         ;
;                   |alt_u_div_4te:divider|    ; 36 (36)           ; 0 (0)        ; 0                 ; 0          ; 0    ; 0            ; |mproject|binbcddes:inst6|lpm_divide0:inst2|lpm_divide:LPM_DIVIDE_component|lpm_divide_oop:auto_generated|sign_div_unsign_fkh:divider|alt_u_div_4te:divider ; work         ;
;       |lpm_divide0:inst3|                    ; 36 (0)            ; 0 (0)        ; 0                 ; 0          ; 0    ; 0            ; |mproject|binbcddes:inst6|lpm_divide0:inst3                                                                                                                 ; work         ;
;          |lpm_divide:LPM_DIVIDE_component|   ; 36 (0)            ; 0 (0)        ; 0                 ; 0          ; 0    ; 0            ; |mproject|binbcddes:inst6|lpm_divide0:inst3|lpm_divide:LPM_DIVIDE_component                                                                                 ; work         ;
;             |lpm_divide_oop:auto_generated|  ; 36 (0)            ; 0 (0)        ; 0                 ; 0          ; 0    ; 0            ; |mproject|binbcddes:inst6|lpm_divide0:inst3|lpm_divide:LPM_DIVIDE_component|lpm_divide_oop:auto_generated                                                   ; work         ;
;                |sign_div_unsign_fkh:divider| ; 36 (0)            ; 0 (0)        ; 0                 ; 0          ; 0    ; 0            ; |mproject|binbcddes:inst6|lpm_divide0:inst3|lpm_divide:LPM_DIVIDE_component|lpm_divide_oop:auto_generated|sign_div_unsign_fkh:divider                       ; work         ;
;                   |alt_u_div_4te:divider|    ; 36 (36)           ; 0 (0)        ; 0                 ; 0          ; 0    ; 0            ; |mproject|binbcddes:inst6|lpm_divide0:inst3|lpm_divide:LPM_DIVIDE_component|lpm_divide_oop:auto_generated|sign_div_unsign_fkh:divider|alt_u_div_4te:divider ; work         ;
;       |lpm_divide0:inst|                     ; 21 (0)            ; 0 (0)        ; 0                 ; 0          ; 0    ; 0            ; |mproject|binbcddes:inst6|lpm_divide0:inst                                                                                                                  ; work         ;
;          |lpm_divide:LPM_DIVIDE_component|   ; 21 (0)            ; 0 (0)        ; 0                 ; 0          ; 0    ; 0            ; |mproject|binbcddes:inst6|lpm_divide0:inst|lpm_divide:LPM_DIVIDE_component                                                                                  ; work         ;
;             |lpm_divide_oop:auto_generated|  ; 21 (0)            ; 0 (0)        ; 0                 ; 0          ; 0    ; 0            ; |mproject|binbcddes:inst6|lpm_divide0:inst|lpm_divide:LPM_DIVIDE_component|lpm_divide_oop:auto_generated                                                    ; work         ;
;                |sign_div_unsign_fkh:divider| ; 21 (0)            ; 0 (0)        ; 0                 ; 0          ; 0    ; 0            ; |mproject|binbcddes:inst6|lpm_divide0:inst|lpm_divide:LPM_DIVIDE_component|lpm_divide_oop:auto_generated|sign_div_unsign_fkh:divider                        ; work         ;
;                   |alt_u_div_4te:divider|    ; 21 (21)           ; 0 (0)        ; 0                 ; 0          ; 0    ; 0            ; |mproject|binbcddes:inst6|lpm_divide0:inst|lpm_divide:LPM_DIVIDE_component|lpm_divide_oop:auto_generated|sign_div_unsign_fkh:divider|alt_u_div_4te:divider  ; work         ;
;    |binbcddes:inst7|                         ; 36 (0)            ; 0 (0)        ; 0                 ; 0          ; 0    ; 0            ; |mproject|binbcddes:inst7                                                                                                                                   ; work         ;
;       |lpm_divide0:inst3|                    ; 36 (0)            ; 0 (0)        ; 0                 ; 0          ; 0    ; 0            ; |mproject|binbcddes:inst7|lpm_divide0:inst3                                                                                                                 ; work         ;
;          |lpm_divide:LPM_DIVIDE_component|   ; 36 (0)            ; 0 (0)        ; 0                 ; 0          ; 0    ; 0            ; |mproject|binbcddes:inst7|lpm_divide0:inst3|lpm_divide:LPM_DIVIDE_component                                                                                 ; work         ;
;             |lpm_divide_oop:auto_generated|  ; 36 (0)            ; 0 (0)        ; 0                 ; 0          ; 0    ; 0            ; |mproject|binbcddes:inst7|lpm_divide0:inst3|lpm_divide:LPM_DIVIDE_component|lpm_divide_oop:auto_generated                                                   ; work         ;
;                |sign_div_unsign_fkh:divider| ; 36 (0)            ; 0 (0)        ; 0                 ; 0          ; 0    ; 0            ; |mproject|binbcddes:inst7|lpm_divide0:inst3|lpm_divide:LPM_DIVIDE_component|lpm_divide_oop:auto_generated|sign_div_unsign_fkh:divider                       ; work         ;
;                   |alt_u_div_4te:divider|    ; 36 (36)           ; 0 (0)        ; 0                 ; 0          ; 0    ; 0            ; |mproject|binbcddes:inst7|lpm_divide0:inst3|lpm_divide:LPM_DIVIDE_component|lpm_divide_oop:auto_generated|sign_div_unsign_fkh:divider|alt_u_div_4te:divider ; work         ;
;    |binbcddes:inst8|                         ; 36 (0)            ; 0 (0)        ; 0                 ; 0          ; 0    ; 0            ; |mproject|binbcddes:inst8                                                                                                                                   ; work         ;
;       |lpm_divide0:inst3|                    ; 36 (0)            ; 0 (0)        ; 0                 ; 0          ; 0    ; 0            ; |mproject|binbcddes:inst8|lpm_divide0:inst3                                                                                                                 ; work         ;
;          |lpm_divide:LPM_DIVIDE_component|   ; 36 (0)            ; 0 (0)        ; 0                 ; 0          ; 0    ; 0            ; |mproject|binbcddes:inst8|lpm_divide0:inst3|lpm_divide:LPM_DIVIDE_component                                                                                 ; work         ;
;             |lpm_divide_oop:auto_generated|  ; 36 (0)            ; 0 (0)        ; 0                 ; 0          ; 0    ; 0            ; |mproject|binbcddes:inst8|lpm_divide0:inst3|lpm_divide:LPM_DIVIDE_component|lpm_divide_oop:auto_generated                                                   ; work         ;
;                |sign_div_unsign_fkh:divider| ; 36 (0)            ; 0 (0)        ; 0                 ; 0          ; 0    ; 0            ; |mproject|binbcddes:inst8|lpm_divide0:inst3|lpm_divide:LPM_DIVIDE_component|lpm_divide_oop:auto_generated|sign_div_unsign_fkh:divider                       ; work         ;
;                   |alt_u_div_4te:divider|    ; 36 (36)           ; 0 (0)        ; 0                 ; 0          ; 0    ; 0            ; |mproject|binbcddes:inst8|lpm_divide0:inst3|lpm_divide:LPM_DIVIDE_component|lpm_divide_oop:auto_generated|sign_div_unsign_fkh:divider|alt_u_div_4te:divider ; work         ;
;    |freqdivn:inst20|                         ; 58 (58)           ; 26 (26)      ; 0                 ; 0          ; 0    ; 0            ; |mproject|freqdivn:inst20                                                                                                                                   ; work         ;
;    |mod60:inst5|                             ; 12 (12)           ; 8 (8)        ; 0                 ; 0          ; 0    ; 0            ; |mproject|mod60:inst5                                                                                                                                       ; work         ;
;    |phone:inst18|                            ; 7 (7)             ; 0 (0)        ; 0                 ; 0          ; 0    ; 0            ; |mproject|phone:inst18                                                                                                                                      ; work         ;
;    |phone:inst19|                            ; 7 (7)             ; 0 (0)        ; 0                 ; 0          ; 0    ; 0            ; |mproject|phone:inst19                                                                                                                                      ; work         ;
;    |phone:inst23|                            ; 7 (7)             ; 0 (0)        ; 0                 ; 0          ; 0    ; 0            ; |mproject|phone:inst23                                                                                                                                      ; work         ;
;    |phone:inst24|                            ; 7 (7)             ; 0 (0)        ; 0                 ; 0          ; 0    ; 0            ; |mproject|phone:inst24                                                                                                                                      ; work         ;
;    |statemachine:inst|                       ; 41 (41)           ; 8 (8)        ; 0                 ; 0          ; 0    ; 0            ; |mproject|statemachine:inst                                                                                                                                 ; work         ;
;    |updowncounter:inst3|                     ; 43 (43)           ; 8 (8)        ; 0                 ; 0          ; 0    ; 0            ; |mproject|updowncounter:inst3                                                                                                                               ; work         ;
;    |updowncounter:inst4|                     ; 43 (43)           ; 8 (8)        ; 0                 ; 0          ; 0    ; 0            ; |mproject|updowncounter:inst4                                                                                                                               ; work         ;
+----------------------------------------------+-------------------+--------------+-------------------+------------+------+--------------+-------------------------------------------------------------------------------------------------------------------------------------------------------------+--------------+
Note: For table entries with two numbers listed, the numbers in parentheses indicate the number of resources of the given type used by the specific entity alone. The numbers listed outside of parentheses indicate the total resources of the given type used by the specific entity and all of its sub-entities in the hierarchy.


+-----------------------------------------------------------------------------------------------------------------------------------------------------------------------+
; Analysis & Synthesis IP Cores Summary                                                                                                                                 ;
+--------+--------------+---------+--------------+--------------+-----------------------------------------------+-------------------------------------------------------+
; Vendor ; IP Core Name ; Version ; Release Date ; License Type ; Entity Instance                               ; IP Include File                                       ;
+--------+--------------+---------+--------------+--------------+-----------------------------------------------+-------------------------------------------------------+
; Altera ; LPM_DIVIDE   ; N/A     ; N/A          ; N/A          ; |mproject|binbcddes:inst6|lpm_divide0:inst    ; U:/ECET 229/MiniProject/BinaryToBCD/lpm_divide0.tdf   ;
; Altera ; LPM_DIVIDE   ; N/A     ; N/A          ; N/A          ; |mproject|binbcddes:inst6|lpm_divide0:inst2   ; U:/ECET 229/MiniProject/BinaryToBCD/lpm_divide0.tdf   ;
; Altera ; LPM_DIVIDE   ; N/A     ; N/A          ; N/A          ; |mproject|binbcddes:inst6|lpm_divide0:inst3   ; U:/ECET 229/MiniProject/BinaryToBCD/lpm_divide0.tdf   ;
; Altera ; LPM_CONSTANT ; N/A     ; N/A          ; N/A          ; |mproject|binbcddes:inst6|lpm_constant0:inst4 ; U:/ECET 229/MiniProject/BinaryToBCD/lpm_constant0.tdf ;
; Altera ; LPM_CONSTANT ; N/A     ; N/A          ; N/A          ; |mproject|binbcddes:inst6|lpm_constant1:inst7 ; U:/ECET 229/MiniProject/BinaryToBCD/lpm_constant1.tdf ;
; Altera ; LPM_DIVIDE   ; N/A     ; N/A          ; N/A          ; |mproject|binbcddes:inst7|lpm_divide0:inst    ; U:/ECET 229/MiniProject/BinaryToBCD/lpm_divide0.tdf   ;
; Altera ; LPM_DIVIDE   ; N/A     ; N/A          ; N/A          ; |mproject|binbcddes:inst7|lpm_divide0:inst2   ; U:/ECET 229/MiniProject/BinaryToBCD/lpm_divide0.tdf   ;
; Altera ; LPM_DIVIDE   ; N/A     ; N/A          ; N/A          ; |mproject|binbcddes:inst7|lpm_divide0:inst3   ; U:/ECET 229/MiniProject/BinaryToBCD/lpm_divide0.tdf   ;
; Altera ; LPM_CONSTANT ; N/A     ; N/A          ; N/A          ; |mproject|binbcddes:inst7|lpm_constant0:inst4 ; U:/ECET 229/MiniProject/BinaryToBCD/lpm_constant0.tdf ;
; Altera ; LPM_CONSTANT ; N/A     ; N/A          ; N/A          ; |mproject|binbcddes:inst7|lpm_constant1:inst7 ; U:/ECET 229/MiniProject/BinaryToBCD/lpm_constant1.tdf ;
; Altera ; LPM_DIVIDE   ; N/A     ; N/A          ; N/A          ; |mproject|binbcddes:inst8|lpm_divide0:inst    ; U:/ECET 229/MiniProject/BinaryToBCD/lpm_divide0.tdf   ;
; Altera ; LPM_DIVIDE   ; N/A     ; N/A          ; N/A          ; |mproject|binbcddes:inst8|lpm_divide0:inst2   ; U:/ECET 229/MiniProject/BinaryToBCD/lpm_divide0.tdf   ;
; Altera ; LPM_DIVIDE   ; N/A     ; N/A          ; N/A          ; |mproject|binbcddes:inst8|lpm_divide0:inst3   ; U:/ECET 229/MiniProject/BinaryToBCD/lpm_divide0.tdf   ;
; Altera ; LPM_CONSTANT ; N/A     ; N/A          ; N/A          ; |mproject|binbcddes:inst8|lpm_constant0:inst4 ; U:/ECET 229/MiniProject/BinaryToBCD/lpm_constant0.tdf ;
; Altera ; LPM_CONSTANT ; N/A     ; N/A          ; N/A          ; |mproject|binbcddes:inst8|lpm_constant1:inst7 ; U:/ECET 229/MiniProject/BinaryToBCD/lpm_constant1.tdf ;
+--------+--------------+---------+--------------+--------------+-----------------------------------------------+-------------------------------------------------------+


Encoding Type:  One-Hot
+------------------------------------------------+
; State Machine - |mproject|statemachine:inst|sm ;
+------+----+----+----+----+----+----+----+------+
; Name ; s7 ; s6 ; s5 ; s4 ; s3 ; s2 ; s1 ; s0   ;
+------+----+----+----+----+----+----+----+------+
; s0   ; 0  ; 0  ; 0  ; 0  ; 0  ; 0  ; 0  ; 0    ;
; s1   ; 0  ; 0  ; 0  ; 0  ; 0  ; 0  ; 1  ; 1    ;
; s2   ; 0  ; 0  ; 0  ; 0  ; 0  ; 1  ; 0  ; 1    ;
; s3   ; 0  ; 0  ; 0  ; 0  ; 1  ; 0  ; 0  ; 1    ;
; s4   ; 0  ; 0  ; 0  ; 1  ; 0  ; 0  ; 0  ; 1    ;
; s5   ; 0  ; 0  ; 1  ; 0  ; 0  ; 0  ; 0  ; 1    ;
; s6   ; 0  ; 1  ; 0  ; 0  ; 0  ; 0  ; 0  ; 1    ;
; s7   ; 1  ; 0  ; 0  ; 0  ; 0  ; 0  ; 0  ; 1    ;
+------+----+----+----+----+----+----+----+------+


+------------------------------------------------------+
; General Register Statistics                          ;
+----------------------------------------------+-------+
; Statistic                                    ; Value ;
+----------------------------------------------+-------+
; Total registers                              ; 58    ;
; Number of registers using Synchronous Clear  ; 0     ;
; Number of registers using Synchronous Load   ; 7     ;
; Number of registers using Asynchronous Clear ; 24    ;
; Number of registers using Asynchronous Load  ; 0     ;
; Number of registers using Clock Enable       ; 17    ;
; Number of registers using Preset             ; 0     ;
+----------------------------------------------+-------+


+---------------------------------------------------------------------------------------------------------------+
; Parameter Settings for User Entity Instance: binbcddes:inst7|lpm_divide0:inst|lpm_divide:LPM_DIVIDE_component ;
+------------------------+----------------+---------------------------------------------------------------------+
; Parameter Name         ; Value          ; Type                                                                ;
+------------------------+----------------+---------------------------------------------------------------------+
; LPM_WIDTHN             ; 8              ; Untyped                                                             ;
; LPM_WIDTHD             ; 8              ; Untyped                                                             ;
; LPM_NREPRESENTATION    ; UNSIGNED       ; Untyped                                                             ;
; LPM_DREPRESENTATION    ; UNSIGNED       ; Untyped                                                             ;
; LPM_PIPELINE           ; 0              ; Untyped                                                             ;
; LPM_REMAINDERPOSITIVE  ; TRUE           ; Untyped                                                             ;
; MAXIMIZE_SPEED         ; 5              ; Untyped                                                             ;
; CBXI_PARAMETER         ; lpm_divide_oop ; Untyped                                                             ;
; CARRY_CHAIN            ; MANUAL         ; Untyped                                                             ;
; OPTIMIZE_FOR_SPEED     ; 5              ; Untyped                                                             ;
; AUTO_CARRY_CHAINS      ; ON             ; AUTO_CARRY                                                          ;
; IGNORE_CARRY_BUFFERS   ; OFF            ; IGNORE_CARRY                                                        ;
; AUTO_CASCADE_CHAINS    ; ON             ; AUTO_CASCADE                                                        ;
; IGNORE_CASCADE_BUFFERS ; OFF            ; IGNORE_CASCADE                                                      ;
+------------------------+----------------+---------------------------------------------------------------------+
Note: In order to hide this table in the UI and the text report file, please set the "Show Parameter Settings in Synthesis Report" option in "Analysis and Synthesis Settings -> More Settings" to "Off".


+----------------------------------------------------------------------------------------------------------------------+
; Parameter Settings for User Entity Instance: binbcddes:inst7|lpm_constant0:inst4|lpm_constant:LPM_CONSTANT_component ;
+--------------------+------------------+------------------------------------------------------------------------------+
; Parameter Name     ; Value            ; Type                                                                         ;
+--------------------+------------------+------------------------------------------------------------------------------+
; LPM_WIDTH          ; 8                ; Untyped                                                                      ;
; LPM_CVALUE         ; 100              ; Untyped                                                                      ;
; ENABLE_RUNTIME_MOD ; NO               ; Untyped                                                                      ;
; CBXI_PARAMETER     ; lpm_constant_4g6 ; Untyped                                                                      ;
+--------------------+------------------+------------------------------------------------------------------------------+
Note: In order to hide this table in the UI and the text report file, please set the "Show Parameter Settings in Synthesis Report" option in "Analysis and Synthesis Settings -> More Settings" to "Off".


+----------------------------------------------------------------------------------------------------------------+
; Parameter Settings for User Entity Instance: binbcddes:inst7|lpm_divide0:inst3|lpm_divide:LPM_DIVIDE_component ;
+------------------------+----------------+----------------------------------------------------------------------+
; Parameter Name         ; Value          ; Type                                                                 ;
+------------------------+----------------+----------------------------------------------------------------------+
; LPM_WIDTHN             ; 8              ; Untyped                                                              ;
; LPM_WIDTHD             ; 8              ; Untyped                                                              ;
; LPM_NREPRESENTATION    ; UNSIGNED       ; Untyped                                                              ;
; LPM_DREPRESENTATION    ; UNSIGNED       ; Untyped                                                              ;
; LPM_PIPELINE           ; 0              ; Untyped                                                              ;
; LPM_REMAINDERPOSITIVE  ; TRUE           ; Untyped                                                              ;
; MAXIMIZE_SPEED         ; 5              ; Untyped                                                              ;
; CBXI_PARAMETER         ; lpm_divide_oop ; Untyped                                                              ;
; CARRY_CHAIN            ; MANUAL         ; Untyped                                                              ;
; OPTIMIZE_FOR_SPEED     ; 5              ; Untyped                                                              ;
; AUTO_CARRY_CHAINS      ; ON             ; AUTO_CARRY                                                           ;
; IGNORE_CARRY_BUFFERS   ; OFF            ; IGNORE_CARRY                                                         ;
; AUTO_CASCADE_CHAINS    ; ON             ; AUTO_CASCADE                                                         ;
; IGNORE_CASCADE_BUFFERS ; OFF            ; IGNORE_CASCADE                                                       ;
+------------------------+----------------+----------------------------------------------------------------------+
Note: In order to hide this table in the UI and the text report file, please set the "Show Parameter Settings in Synthesis Report" option in "Analysis and Synthesis Settings -> More Settings" to "Off".


+----------------------------------------------------------------------------------------------------------------------+
; Parameter Settings for User Entity Instance: binbcddes:inst7|lpm_constant1:inst7|lpm_constant:LPM_CONSTANT_component ;
+--------------------+------------------+------------------------------------------------------------------------------+
; Parameter Name     ; Value            ; Type                                                                         ;
+--------------------+------------------+------------------------------------------------------------------------------+
; LPM_WIDTH          ; 8                ; Untyped                                                                      ;
; LPM_CVALUE         ; 10               ; Untyped                                                                      ;
; ENABLE_RUNTIME_MOD ; NO               ; Untyped                                                                      ;
; CBXI_PARAMETER     ; lpm_constant_bh6 ; Untyped                                                                      ;
+--------------------+------------------+------------------------------------------------------------------------------+
Note: In order to hide this table in the UI and the text report file, please set the "Show Parameter Settings in Synthesis Report" option in "Analysis and Synthesis Settings -> More Settings" to "Off".


+----------------------------------------------------------------------------------------------------------------+
; Parameter Settings for User Entity Instance: binbcddes:inst7|lpm_divide0:inst2|lpm_divide:LPM_DIVIDE_component ;
+------------------------+----------------+----------------------------------------------------------------------+
; Parameter Name         ; Value          ; Type                                                                 ;
+------------------------+----------------+----------------------------------------------------------------------+
; LPM_WIDTHN             ; 8              ; Untyped                                                              ;
; LPM_WIDTHD             ; 8              ; Untyped                                                              ;
; LPM_NREPRESENTATION    ; UNSIGNED       ; Untyped                                                              ;
; LPM_DREPRESENTATION    ; UNSIGNED       ; Untyped                                                              ;
; LPM_PIPELINE           ; 0              ; Untyped                                                              ;
; LPM_REMAINDERPOSITIVE  ; TRUE           ; Untyped                                                              ;
; MAXIMIZE_SPEED         ; 5              ; Untyped                                                              ;
; CBXI_PARAMETER         ; lpm_divide_oop ; Untyped                                                              ;
; CARRY_CHAIN            ; MANUAL         ; Untyped                                                              ;
; OPTIMIZE_FOR_SPEED     ; 5              ; Untyped                                                              ;
; AUTO_CARRY_CHAINS      ; ON             ; AUTO_CARRY                                                           ;
; IGNORE_CARRY_BUFFERS   ; OFF            ; IGNORE_CARRY                                                         ;
; AUTO_CASCADE_CHAINS    ; ON             ; AUTO_CASCADE                                                         ;
; IGNORE_CASCADE_BUFFERS ; OFF            ; IGNORE_CASCADE                                                       ;
+------------------------+----------------+----------------------------------------------------------------------+
Note: In order to hide this table in the UI and the text report file, please set the "Show Parameter Settings in Synthesis Report" option in "Analysis and Synthesis Settings -> More Settings" to "Off".


+---------------------------------------------------------------------------------------------------------------+
; Parameter Settings for User Entity Instance: binbcddes:inst8|lpm_divide0:inst|lpm_divide:LPM_DIVIDE_component ;
+------------------------+----------------+---------------------------------------------------------------------+
; Parameter Name         ; Value          ; Type                                                                ;
+------------------------+----------------+---------------------------------------------------------------------+
; LPM_WIDTHN             ; 8              ; Untyped                                                             ;
; LPM_WIDTHD             ; 8              ; Untyped                                                             ;
; LPM_NREPRESENTATION    ; UNSIGNED       ; Untyped                                                             ;
; LPM_DREPRESENTATION    ; UNSIGNED       ; Untyped                                                             ;
; LPM_PIPELINE           ; 0              ; Untyped                                                             ;
; LPM_REMAINDERPOSITIVE  ; TRUE           ; Untyped                                                             ;
; MAXIMIZE_SPEED         ; 5              ; Untyped                                                             ;
; CBXI_PARAMETER         ; lpm_divide_oop ; Untyped                                                             ;
; CARRY_CHAIN            ; MANUAL         ; Untyped                                                             ;
; OPTIMIZE_FOR_SPEED     ; 5              ; Untyped                                                             ;
; AUTO_CARRY_CHAINS      ; ON             ; AUTO_CARRY                                                          ;
; IGNORE_CARRY_BUFFERS   ; OFF            ; IGNORE_CARRY                                                        ;
; AUTO_CASCADE_CHAINS    ; ON             ; AUTO_CASCADE                                                        ;
; IGNORE_CASCADE_BUFFERS ; OFF            ; IGNORE_CASCADE                                                      ;
+------------------------+----------------+---------------------------------------------------------------------+
Note: In order to hide this table in the UI and the text report file, please set the "Show Parameter Settings in Synthesis Report" option in "Analysis and Synthesis Settings -> More Settings" to "Off".


+----------------------------------------------------------------------------------------------------------------------+
; Parameter Settings for User Entity Instance: binbcddes:inst8|lpm_constant0:inst4|lpm_constant:LPM_CONSTANT_component ;
+--------------------+------------------+------------------------------------------------------------------------------+
; Parameter Name     ; Value            ; Type                                                                         ;
+--------------------+------------------+------------------------------------------------------------------------------+
; LPM_WIDTH          ; 8                ; Untyped                                                                      ;
; LPM_CVALUE         ; 100              ; Untyped                                                                      ;
; ENABLE_RUNTIME_MOD ; NO               ; Untyped                                                                      ;
; CBXI_PARAMETER     ; lpm_constant_4g6 ; Untyped                                                                      ;
+--------------------+------------------+------------------------------------------------------------------------------+
Note: In order to hide this table in the UI and the text report file, please set the "Show Parameter Settings in Synthesis Report" option in "Analysis and Synthesis Settings -> More Settings" to "Off".


+----------------------------------------------------------------------------------------------------------------+
; Parameter Settings for User Entity Instance: binbcddes:inst8|lpm_divide0:inst3|lpm_divide:LPM_DIVIDE_component ;
+------------------------+----------------+----------------------------------------------------------------------+
; Parameter Name         ; Value          ; Type                                                                 ;
+------------------------+----------------+----------------------------------------------------------------------+
; LPM_WIDTHN             ; 8              ; Untyped                                                              ;
; LPM_WIDTHD             ; 8              ; Untyped                                                              ;
; LPM_NREPRESENTATION    ; UNSIGNED       ; Untyped                                                              ;
; LPM_DREPRESENTATION    ; UNSIGNED       ; Untyped                                                              ;
; LPM_PIPELINE           ; 0              ; Untyped                                                              ;
; LPM_REMAINDERPOSITIVE  ; TRUE           ; Untyped                                                              ;
; MAXIMIZE_SPEED         ; 5              ; Untyped                                                              ;
; CBXI_PARAMETER         ; lpm_divide_oop ; Untyped                                                              ;
; CARRY_CHAIN            ; MANUAL         ; Untyped                                                              ;
; OPTIMIZE_FOR_SPEED     ; 5              ; Untyped                                                              ;
; AUTO_CARRY_CHAINS      ; ON             ; AUTO_CARRY                                                           ;
; IGNORE_CARRY_BUFFERS   ; OFF            ; IGNORE_CARRY                                                         ;
; AUTO_CASCADE_CHAINS    ; ON             ; AUTO_CASCADE                                                         ;
; IGNORE_CASCADE_BUFFERS ; OFF            ; IGNORE_CASCADE                                                       ;
+------------------------+----------------+----------------------------------------------------------------------+
Note: In order to hide this table in the UI and the text report file, please set the "Show Parameter Settings in Synthesis Report" option in "Analysis and Synthesis Settings -> More Settings" to "Off".


+----------------------------------------------------------------------------------------------------------------------+
; Parameter Settings for User Entity Instance: binbcddes:inst8|lpm_constant1:inst7|lpm_constant:LPM_CONSTANT_component ;
+--------------------+------------------+------------------------------------------------------------------------------+
; Parameter Name     ; Value            ; Type                                                                         ;
+--------------------+------------------+------------------------------------------------------------------------------+
; LPM_WIDTH          ; 8                ; Untyped                                                                      ;
; LPM_CVALUE         ; 10               ; Untyped                                                                      ;
; ENABLE_RUNTIME_MOD ; NO               ; Untyped                                                                      ;
; CBXI_PARAMETER     ; lpm_constant_bh6 ; Untyped                                                                      ;
+--------------------+------------------+------------------------------------------------------------------------------+
Note: In order to hide this table in the UI and the text report file, please set the "Show Parameter Settings in Synthesis Report" option in "Analysis and Synthesis Settings -> More Settings" to "Off".


+----------------------------------------------------------------------------------------------------------------+
; Parameter Settings for User Entity Instance: binbcddes:inst8|lpm_divide0:inst2|lpm_divide:LPM_DIVIDE_component ;
+------------------------+----------------+----------------------------------------------------------------------+
; Parameter Name         ; Value          ; Type                                                                 ;
+------------------------+----------------+----------------------------------------------------------------------+
; LPM_WIDTHN             ; 8              ; Untyped                                                              ;
; LPM_WIDTHD             ; 8              ; Untyped                                                              ;
; LPM_NREPRESENTATION    ; UNSIGNED       ; Untyped                                                              ;
; LPM_DREPRESENTATION    ; UNSIGNED       ; Untyped                                                              ;
; LPM_PIPELINE           ; 0              ; Untyped                                                              ;
; LPM_REMAINDERPOSITIVE  ; TRUE           ; Untyped                                                              ;
; MAXIMIZE_SPEED         ; 5              ; Untyped                                                              ;
; CBXI_PARAMETER         ; lpm_divide_oop ; Untyped                                                              ;
; CARRY_CHAIN            ; MANUAL         ; Untyped                                                              ;
; OPTIMIZE_FOR_SPEED     ; 5              ; Untyped                                                              ;
; AUTO_CARRY_CHAINS      ; ON             ; AUTO_CARRY                                                           ;
; IGNORE_CARRY_BUFFERS   ; OFF            ; IGNORE_CARRY                                                         ;
; AUTO_CASCADE_CHAINS    ; ON             ; AUTO_CASCADE                                                         ;
; IGNORE_CASCADE_BUFFERS ; OFF            ; IGNORE_CASCADE                                                       ;
+------------------------+----------------+----------------------------------------------------------------------+
Note: In order to hide this table in the UI and the text report file, please set the "Show Parameter Settings in Synthesis Report" option in "Analysis and Synthesis Settings -> More Settings" to "Off".


+---------------------------------------------------------------------------------------------------------------+
; Parameter Settings for User Entity Instance: binbcddes:inst6|lpm_divide0:inst|lpm_divide:LPM_DIVIDE_component ;
+------------------------+----------------+---------------------------------------------------------------------+
; Parameter Name         ; Value          ; Type                                                                ;
+------------------------+----------------+---------------------------------------------------------------------+
; LPM_WIDTHN             ; 8              ; Untyped                                                             ;
; LPM_WIDTHD             ; 8              ; Untyped                                                             ;
; LPM_NREPRESENTATION    ; UNSIGNED       ; Untyped                                                             ;
; LPM_DREPRESENTATION    ; UNSIGNED       ; Untyped                                                             ;
; LPM_PIPELINE           ; 0              ; Untyped                                                             ;
; LPM_REMAINDERPOSITIVE  ; TRUE           ; Untyped                                                             ;
; MAXIMIZE_SPEED         ; 5              ; Untyped                                                             ;
; CBXI_PARAMETER         ; lpm_divide_oop ; Untyped                                                             ;
; CARRY_CHAIN            ; MANUAL         ; Untyped                                                             ;
; OPTIMIZE_FOR_SPEED     ; 5              ; Untyped                                                             ;
; AUTO_CARRY_CHAINS      ; ON             ; AUTO_CARRY                                                          ;
; IGNORE_CARRY_BUFFERS   ; OFF            ; IGNORE_CARRY                                                        ;
; AUTO_CASCADE_CHAINS    ; ON             ; AUTO_CASCADE                                                        ;
; IGNORE_CASCADE_BUFFERS ; OFF            ; IGNORE_CASCADE                                                      ;
+------------------------+----------------+---------------------------------------------------------------------+
Note: In order to hide this table in the UI and the text report file, please set the "Show Parameter Settings in Synthesis Report" option in "Analysis and Synthesis Settings -> More Settings" to "Off".


+----------------------------------------------------------------------------------------------------------------------+
; Parameter Settings for User Entity Instance: binbcddes:inst6|lpm_constant0:inst4|lpm_constant:LPM_CONSTANT_component ;
+--------------------+------------------+------------------------------------------------------------------------------+
; Parameter Name     ; Value            ; Type                                                                         ;
+--------------------+------------------+------------------------------------------------------------------------------+
; LPM_WIDTH          ; 8                ; Untyped                                                                      ;
; LPM_CVALUE         ; 100              ; Untyped                                                                      ;
; ENABLE_RUNTIME_MOD ; NO               ; Untyped                                                                      ;
; CBXI_PARAMETER     ; lpm_constant_4g6 ; Untyped                                                                      ;
+--------------------+------------------+------------------------------------------------------------------------------+
Note: In order to hide this table in the UI and the text report file, please set the "Show Parameter Settings in Synthesis Report" option in "Analysis and Synthesis Settings -> More Settings" to "Off".


+----------------------------------------------------------------------------------------------------------------+
; Parameter Settings for User Entity Instance: binbcddes:inst6|lpm_divide0:inst3|lpm_divide:LPM_DIVIDE_component ;
+------------------------+----------------+----------------------------------------------------------------------+
; Parameter Name         ; Value          ; Type                                                                 ;
+------------------------+----------------+----------------------------------------------------------------------+
; LPM_WIDTHN             ; 8              ; Untyped                                                              ;
; LPM_WIDTHD             ; 8              ; Untyped                                                              ;
; LPM_NREPRESENTATION    ; UNSIGNED       ; Untyped                                                              ;
; LPM_DREPRESENTATION    ; UNSIGNED       ; Untyped                                                              ;
; LPM_PIPELINE           ; 0              ; Untyped                                                              ;
; LPM_REMAINDERPOSITIVE  ; TRUE           ; Untyped                                                              ;
; MAXIMIZE_SPEED         ; 5              ; Untyped                                                              ;
; CBXI_PARAMETER         ; lpm_divide_oop ; Untyped                                                              ;
; CARRY_CHAIN            ; MANUAL         ; Untyped                                                              ;
; OPTIMIZE_FOR_SPEED     ; 5              ; Untyped                                                              ;
; AUTO_CARRY_CHAINS      ; ON             ; AUTO_CARRY                                                           ;
; IGNORE_CARRY_BUFFERS   ; OFF            ; IGNORE_CARRY                                                         ;
; AUTO_CASCADE_CHAINS    ; ON             ; AUTO_CASCADE                                                         ;
; IGNORE_CASCADE_BUFFERS ; OFF            ; IGNORE_CASCADE                                                       ;
+------------------------+----------------+----------------------------------------------------------------------+
Note: In order to hide this table in the UI and the text report file, please set the "Show Parameter Settings in Synthesis Report" option in "Analysis and Synthesis Settings -> More Settings" to "Off".


+----------------------------------------------------------------------------------------------------------------------+
; Parameter Settings for User Entity Instance: binbcddes:inst6|lpm_constant1:inst7|lpm_constant:LPM_CONSTANT_component ;
+--------------------+------------------+------------------------------------------------------------------------------+
; Parameter Name     ; Value            ; Type                                                                         ;
+--------------------+------------------+------------------------------------------------------------------------------+
; LPM_WIDTH          ; 8                ; Untyped                                                                      ;
; LPM_CVALUE         ; 10               ; Untyped                                                                      ;
; ENABLE_RUNTIME_MOD ; NO               ; Untyped                                                                      ;
; CBXI_PARAMETER     ; lpm_constant_bh6 ; Untyped                                                                      ;
+--------------------+------------------+------------------------------------------------------------------------------+
Note: In order to hide this table in the UI and the text report file, please set the "Show Parameter Settings in Synthesis Report" option in "Analysis and Synthesis Settings -> More Settings" to "Off".


+----------------------------------------------------------------------------------------------------------------+
; Parameter Settings for User Entity Instance: binbcddes:inst6|lpm_divide0:inst2|lpm_divide:LPM_DIVIDE_component ;
+------------------------+----------------+----------------------------------------------------------------------+
; Parameter Name         ; Value          ; Type                                                                 ;
+------------------------+----------------+----------------------------------------------------------------------+
; LPM_WIDTHN             ; 8              ; Untyped                                                              ;
; LPM_WIDTHD             ; 8              ; Untyped                                                              ;
; LPM_NREPRESENTATION    ; UNSIGNED       ; Untyped                                                              ;
; LPM_DREPRESENTATION    ; UNSIGNED       ; Untyped                                                              ;
; LPM_PIPELINE           ; 0              ; Untyped                                                              ;
; LPM_REMAINDERPOSITIVE  ; TRUE           ; Untyped                                                              ;
; MAXIMIZE_SPEED         ; 5              ; Untyped                                                              ;
; CBXI_PARAMETER         ; lpm_divide_oop ; Untyped                                                              ;
; CARRY_CHAIN            ; MANUAL         ; Untyped                                                              ;
; OPTIMIZE_FOR_SPEED     ; 5              ; Untyped                                                              ;
; AUTO_CARRY_CHAINS      ; ON             ; AUTO_CARRY                                                           ;
; IGNORE_CARRY_BUFFERS   ; OFF            ; IGNORE_CARRY                                                         ;
; AUTO_CASCADE_CHAINS    ; ON             ; AUTO_CASCADE                                                         ;
; IGNORE_CASCADE_BUFFERS ; OFF            ; IGNORE_CASCADE                                                       ;
+------------------------+----------------+----------------------------------------------------------------------+
Note: In order to hide this table in the UI and the text report file, please set the "Show Parameter Settings in Synthesis Report" option in "Analysis and Synthesis Settings -> More Settings" to "Off".


+-------------------------------+
; Elapsed Time Per Partition    ;
+----------------+--------------+
; Partition Name ; Elapsed Time ;
+----------------+--------------+
; Top            ; 00:00:01     ;
+----------------+--------------+


+-------------------------------+
; Analysis & Synthesis Messages ;
+-------------------------------+
Info: *******************************************************************
Info: Running Quartus II 64-Bit Analysis & Synthesis
    Info: Version 13.0.1 Build 232 06/12/2013 Service Pack 1 SJ Full Version
    Info: Processing started: Mon Mar 31 18:04:56 2025
Info: Command: quartus_map --read_settings_files=on --write_settings_files=off mproject -c mproject
Info (11104): Parallel Compilation has detected 20 hyper-threaded processors. However, the extra hyper-threaded processors will not be used by default. Parallel Compilation will use 12 of the 12 physical processors detected instead.
Info (12021): Found 1 design units, including 1 entities, in source file binarytobcd/binbcddes.bdf
    Info (12023): Found entity 1: binbcddes
Info (12021): Found 1 design units, including 1 entities, in source file binarytobcd/lpm_divide0.tdf
    Info (12023): Found entity 1: lpm_divide0
Info (12021): Found 1 design units, including 1 entities, in source file binarytobcd/lpm_constant1.tdf
    Info (12023): Found entity 1: lpm_constant1
Info (12021): Found 1 design units, including 1 entities, in source file binarytobcd/lpm_constant0.tdf
    Info (12023): Found entity 1: lpm_constant0
Info (12021): Found 1 design units, including 1 entities, in source file part 2/phone.tdf
    Info (12023): Found entity 1: phone
Info (12021): Found 1 design units, including 1 entities, in source file updowncounter/updowncounter.tdf
    Info (12023): Found entity 1: updowncounter
Info (12021): Found 1 design units, including 1 entities, in source file statemachine/statemachine.tdf
    Info (12023): Found entity 1: statemachine
Info (12021): Found 1 design units, including 1 entities, in source file mod60/mod60.tdf
    Info (12023): Found entity 1: mod60
Info (12021): Found 1 design units, including 1 entities, in source file freqdiv/freqdivn.tdf
    Info (12023): Found entity 1: freqdivn
Info (12021): Found 1 design units, including 1 entities, in source file mproject.bdf
    Info (12023): Found entity 1: mproject
Info (12127): Elaborating entity "mproject" for the top level hierarchy
Info (12128): Elaborating entity "statemachine" for hierarchy "statemachine:inst"
Info (12128): Elaborating entity "freqdivn" for hierarchy "freqdivn:inst20"
Info (12128): Elaborating entity "mod60" for hierarchy "mod60:inst5"
Info (12128): Elaborating entity "updowncounter" for hierarchy "updowncounter:inst3"
Info (12128): Elaborating entity "phone" for hierarchy "phone:inst19"
Info (12128): Elaborating entity "binbcddes" for hierarchy "binbcddes:inst7"
Info (12128): Elaborating entity "lpm_divide0" for hierarchy "binbcddes:inst7|lpm_divide0:inst"
Info (12128): Elaborating entity "lpm_divide" for hierarchy "binbcddes:inst7|lpm_divide0:inst|lpm_divide:LPM_DIVIDE_component"
Info (12130): Elaborated megafunction instantiation "binbcddes:inst7|lpm_divide0:inst|lpm_divide:LPM_DIVIDE_component"
Info (12133): Instantiated megafunction "binbcddes:inst7|lpm_divide0:inst|lpm_divide:LPM_DIVIDE_component" with the following parameter:
    Info (12134): Parameter "LPM_TYPE" = "LPM_DIVIDE"
    Info (12134): Parameter "LPM_HINT" = "LPM_REMAINDERPOSITIVE=TRUE"
    Info (12134): Parameter "LPM_WIDTHN" = "8"
    Info (12134): Parameter "LPM_WIDTHD" = "8"
    Info (12134): Parameter "LPM_NREPRESENTATION" = "UNSIGNED"
    Info (12134): Parameter "LPM_DREPRESENTATION" = "UNSIGNED"
Info (12021): Found 1 design units, including 1 entities, in source file db/lpm_divide_oop.tdf
    Info (12023): Found entity 1: lpm_divide_oop
Info (12128): Elaborating entity "lpm_divide_oop" for hierarchy "binbcddes:inst7|lpm_divide0:inst|lpm_divide:LPM_DIVIDE_component|lpm_divide_oop:auto_generated"
Info (12021): Found 1 design units, including 1 entities, in source file db/sign_div_unsign_fkh.tdf
    Info (12023): Found entity 1: sign_div_unsign_fkh
Info (12128): Elaborating entity "sign_div_unsign_fkh" for hierarchy "binbcddes:inst7|lpm_divide0:inst|lpm_divide:LPM_DIVIDE_component|lpm_divide_oop:auto_generated|sign_div_unsign_fkh:divider"
Info (12021): Found 1 design units, including 1 entities, in source file db/alt_u_div_4te.tdf
    Info (12023): Found entity 1: alt_u_div_4te
Info (12128): Elaborating entity "alt_u_div_4te" for hierarchy "binbcddes:inst7|lpm_divide0:inst|lpm_divide:LPM_DIVIDE_component|lpm_divide_oop:auto_generated|sign_div_unsign_fkh:divider|alt_u_div_4te:divider"
Info (12128): Elaborating entity "lpm_constant0" for hierarchy "binbcddes:inst7|lpm_constant0:inst4"
Info (12128): Elaborating entity "lpm_constant" for hierarchy "binbcddes:inst7|lpm_constant0:inst4|lpm_constant:LPM_CONSTANT_component"
Info (12130): Elaborated megafunction instantiation "binbcddes:inst7|lpm_constant0:inst4|lpm_constant:LPM_CONSTANT_component"
Info (12133): Instantiated megafunction "binbcddes:inst7|lpm_constant0:inst4|lpm_constant:LPM_CONSTANT_component" with the following parameter:
    Info (12134): Parameter "LPM_TYPE" = "LPM_CONSTANT"
    Info (12134): Parameter "LPM_HINT" = "ENABLE_RUNTIME_MOD=NO"
    Info (12134): Parameter "LPM_WIDTH" = "8"
    Info (12134): Parameter "LPM_CVALUE" = "100"
Info (12128): Elaborating entity "lpm_divide0" for hierarchy "binbcddes:inst7|lpm_divide0:inst3"
Info (12128): Elaborating entity "lpm_constant1" for hierarchy "binbcddes:inst7|lpm_constant1:inst7"
Info (12128): Elaborating entity "lpm_constant" for hierarchy "binbcddes:inst7|lpm_constant1:inst7|lpm_constant:LPM_CONSTANT_component"
Info (12130): Elaborated megafunction instantiation "binbcddes:inst7|lpm_constant1:inst7|lpm_constant:LPM_CONSTANT_component"
Info (12133): Instantiated megafunction "binbcddes:inst7|lpm_constant1:inst7|lpm_constant:LPM_CONSTANT_component" with the following parameter:
    Info (12134): Parameter "LPM_TYPE" = "LPM_CONSTANT"
    Info (12134): Parameter "LPM_HINT" = "ENABLE_RUNTIME_MOD=NO"
    Info (12134): Parameter "LPM_WIDTH" = "8"
    Info (12134): Parameter "LPM_CVALUE" = "10"
Info (12128): Elaborating entity "lpm_divide0" for hierarchy "binbcddes:inst7|lpm_divide0:inst2"
Info (286030): Timing-Driven Synthesis is running
Info (16010): Generating hard_block partition "hard_block:auto_generated_inst"
    Info (16011): Adding 0 node(s), including 0 DDIO, 0 PLL, 0 transceiver and 0 LCELL
Info (21057): Implemented 426 device resources after synthesis - the final resource count might be different
    Info (21058): Implemented 6 input pins
    Info (21059): Implemented 29 output pins
    Info (21061): Implemented 391 logic cells
Info: Quartus II 64-Bit Analysis & Synthesis was successful. 0 errors, 0 warnings
    Info: Peak virtual memory: 4706 megabytes
    Info: Processing ended: Mon Mar 31 18:05:10 2025
    Info: Elapsed time: 00:00:14
    Info: Total CPU time (on all processors): 00:00:01


